[ +230 ms] Artifact Instance of 'MaterialFonts' is not required, skipping update.
[   +3 ms] Artifact Instance of 'GradleWrapper' is not required, skipping update.
[        ] Artifact Instance of 'AndroidGenSnapshotArtifacts' is not required, skipping update.
[        ] Artifact Instance of 'AndroidInternalBuildArtifacts' is not required, skipping update.
[        ] Artifact Instance of 'IOSEngineArtifacts' is not required, skipping update.
[        ] Artifact Instance of 'FlutterWebSdk' is not required, skipping update.
[   +1 ms] Artifact Instance of 'LegacyCanvasKitRemover' is not required, skipping update.
[        ] Artifact Instance of 'FlutterSdk' is not required, skipping update.
[        ] Artifact Instance of 'WindowsEngineArtifacts' is not required, skipping update.
[        ] Artifact Instance of 'MacOSEngineArtifacts' is not required, skipping update.
[        ] Artifact Instance of 'LinuxEngineArtifacts' is not required, skipping update.
[        ] Artifact Instance of 'LinuxFuchsiaSDKArtifacts' is not required, skipping update.
[        ] Artifact Instance of 'MacOSFuchsiaSDKArtifacts' is not required, skipping update.
[        ] Artifact Instance of 'FlutterRunnerSDKArtifacts' is not required, skipping update.
[        ] Artifact Instance of 'FlutterRunnerDebugSymbols' is not required, skipping update.
[        ] Artifact Instance of 'IosUsbArtifacts' is not required, skipping update.
[        ] Artifact Instance of 'IosUsbArtifacts' is not required, skipping update.
[        ] Artifact Instance of 'IosUsbArtifacts' is not required, skipping update.
[        ] Artifact Instance of 'IosUsbArtifacts' is not required, skipping update.
[        ] Artifact Instance of 'IosUsbArtifacts' is not required, skipping update.
[        ] Artifact Instance of 'IosUsbArtifacts' is not required, skipping update.
[        ] Artifact Instance of 'FontSubsetArtifacts' is not required, skipping update.
[        ] Artifact Instance of 'PubDependencies' is not required, skipping update.
[   +1 ms] executing: [C:\flutter_windows_3.29.2-stable\flutter/] git -c log.showSignature=false log HEAD -n 1 --pretty=format:%ad --date=iso
[ +123 ms] Exit code 0 from: git -c log.showSignature=false log HEAD -n 1 --pretty=format:%ad --date=iso
[        ] 2025-12-11 11:50:07 -0500
[  +23 ms] Artifact Instance of 'AndroidGenSnapshotArtifacts' is not required, skipping update.
[        ] Artifact Instance of 'AndroidInternalBuildArtifacts' is not required, skipping update.
[        ] Artifact Instance of 'IOSEngineArtifacts' is not required, skipping update.
[        ] Artifact Instance of 'FlutterWebSdk' is not required, skipping update.
[        ] Artifact Instance of 'FlutterEngineStamp' is not required, skipping update.
[        ] Artifact Instance of 'LegacyCanvasKitRemover' is not required, skipping update.
[   +3 ms] Artifact Instance of 'WindowsEngineArtifacts' is not required, skipping update.
[        ] Artifact Instance of 'MacOSEngineArtifacts' is not required, skipping update.
[        ] Artifact Instance of 'LinuxEngineArtifacts' is not required, skipping update.
[        ] Artifact Instance of 'LinuxFuchsiaSDKArtifacts' is not required, skipping update.
[        ] Artifact Instance of 'MacOSFuchsiaSDKArtifacts' is not required, skipping update.
[        ] Artifact Instance of 'FlutterRunnerSDKArtifacts' is not required, skipping update.
[        ] Artifact Instance of 'FlutterRunnerDebugSymbols' is not required, skipping update.
[ +124 ms] Artifact Instance of 'MaterialFonts' is not required, skipping update.
[        ] Artifact Instance of 'GradleWrapper' is not required, skipping update.
[   +9 ms] Artifact Instance of 'AndroidInternalBuildArtifacts' is not required, skipping update.
[        ] Artifact Instance of 'IOSEngineArtifacts' is not required, skipping update.
[        ] Artifact Instance of 'FlutterWebSdk' is not required, skipping update.
[        ] Artifact Instance of 'FlutterEngineStamp' is not required, skipping update.
[        ] Artifact Instance of 'LegacyCanvasKitRemover' is not required, skipping update.
[        ] Artifact Instance of 'FlutterSdk' is not required, skipping update.
[        ] Artifact Instance of 'WindowsEngineArtifacts' is not required, skipping update.
[        ] Artifact Instance of 'MacOSEngineArtifacts' is not required, skipping update.
[        ] Artifact Instance of 'LinuxEngineArtifacts' is not required, skipping update.
[        ] Artifact Instance of 'LinuxFuchsiaSDKArtifacts' is not required, skipping update.
[        ] Artifact Instance of 'MacOSFuchsiaSDKArtifacts' is not required, skipping update.
[        ] Artifact Instance of 'FlutterRunnerSDKArtifacts' is not required, skipping update.
[        ] Artifact Instance of 'FlutterRunnerDebugSymbols' is not required, skipping update.
[        ] Artifact Instance of 'IosUsbArtifacts' is not required, skipping update.
[        ] Artifact Instance of 'IosUsbArtifacts' is not required, skipping update.
[        ] Artifact Instance of 'IosUsbArtifacts' is not required, skipping update.
[        ] Artifact Instance of 'IosUsbArtifacts' is not required, skipping update.
[        ] Artifact Instance of 'IosUsbArtifacts' is not required, skipping update.
[        ] Artifact Instance of 'IosUsbArtifacts' is not required, skipping update.
[        ] Artifact Instance of 'FontSubsetArtifacts' is not required, skipping update.
[        ] Artifact Instance of 'PubDependencies' is not required, skipping update.
[  +92 ms] Skipping pub get: version match.
[ +128 ms] Found plugin shared_preferences at C:\Users\Jbuje\AppData\Local\Pub\Cache\hosted\pub.dev\shared_preferences-2.5.4\
[  +12 ms] Found plugin shared_preferences_windows at C:\Users\Jbuje\AppData\Local\Pub\Cache\hosted\pub.dev\shared_preferences_windows-2.4.1\
[  +14 ms] Found plugin path_provider_windows at C:\Users\Jbuje\AppData\Local\Pub\Cache\hosted\pub.dev\path_provider_windows-2.3.0\
[  +17 ms] Found plugin shared_preferences_web at C:\Users\Jbuje\AppData\Local\Pub\Cache\hosted\pub.dev\shared_preferences_web-2.4.3\
[  +10 ms] Found plugin shared_preferences_linux at C:\Users\Jbuje\AppData\Local\Pub\Cache\hosted\pub.dev\shared_preferences_linux-2.4.1\
[   +7 ms] Found plugin path_provider_linux at C:\Users\Jbuje\AppData\Local\Pub\Cache\hosted\pub.dev\path_provider_linux-2.2.1\
[   +6 ms] Found plugin shared_preferences_foundation at C:\Users\Jbuje\AppData\Local\Pub\Cache\hosted\pub.dev\shared_preferences_foundation-2.5.6\
[   +7 ms] Found plugin shared_preferences_android at C:\Users\Jbuje\AppData\Local\Pub\Cache\hosted\pub.dev\shared_preferences_android-2.4.20\
[  +16 ms] Found plugin image_picker at C:\Users\Jbuje\AppData\Local\Pub\Cache\hosted\pub.dev\image_picker-1.2.1\
[   +4 ms] Found plugin image_picker_windows at C:\Users\Jbuje\AppData\Local\Pub\Cache\hosted\pub.dev\image_picker_windows-0.2.2\
[  +15 ms] Found plugin file_selector_windows at C:\Users\Jbuje\AppData\Local\Pub\Cache\hosted\pub.dev\file_selector_windows-0.9.3+5\
[   +6 ms] Found plugin image_picker_macos at C:\Users\Jbuje\AppData\Local\Pub\Cache\hosted\pub.dev\image_picker_macos-0.2.2+1\
[   +4 ms] Found plugin file_selector_macos at C:\Users\Jbuje\AppData\Local\Pub\Cache\hosted\pub.dev\file_selector_macos-0.9.5\
[   +4 ms] Found plugin image_picker_linux at C:\Users\Jbuje\AppData\Local\Pub\Cache\hosted\pub.dev\image_picker_linux-0.2.2\
[   +3 ms] Found plugin file_selector_linux at C:\Users\Jbuje\AppData\Local\Pub\Cache\hosted\pub.dev\file_selector_linux-0.9.4\
[   +4 ms] Found plugin image_picker_ios at C:\Users\Jbuje\AppData\Local\Pub\Cache\hosted\pub.dev\image_picker_ios-0.8.13+3\
[   +3 ms] Found plugin image_picker_for_web at C:\Users\Jbuje\AppData\Local\Pub\Cache\hosted\pub.dev\image_picker_for_web-3.1.1\
[   +8 ms] Found plugin image_picker_android at C:\Users\Jbuje\AppData\Local\Pub\Cache\hosted\pub.dev\image_picker_android-0.8.13+13\
[   +4 ms] Found plugin flutter_plugin_android_lifecycle at C:\Users\Jbuje\AppData\Local\Pub\Cache\hosted\pub.dev\flutter_plugin_android_lifecycle-2.0.33\
[  +10 ms] Found plugin path_provider at C:\Users\Jbuje\AppData\Local\Pub\Cache\hosted\pub.dev\path_provider-2.1.5\
[   +3 ms] Found plugin path_provider_foundation at C:\Users\Jbuje\AppData\Local\Pub\Cache\hosted\pub.dev\path_provider_foundation-2.6.0\
[  +30 ms] Found plugin path_provider_android at C:\Users\Jbuje\AppData\Local\Pub\Cache\hosted\pub.dev\path_provider_android-2.2.22\
[  +91 ms] Found plugin shared_preferences at C:\Users\Jbuje\AppData\Local\Pub\Cache\hosted\pub.dev\shared_preferences-2.5.4\
[   +4 ms] Found plugin shared_preferences_windows at C:\Users\Jbuje\AppData\Local\Pub\Cache\hosted\pub.dev\shared_preferences_windows-2.4.1\
[   +6 ms] Found plugin path_provider_windows at C:\Users\Jbuje\AppData\Local\Pub\Cache\hosted\pub.dev\path_provider_windows-2.3.0\
[  +10 ms] Found plugin shared_preferences_web at C:\Users\Jbuje\AppData\Local\Pub\Cache\hosted\pub.dev\shared_preferences_web-2.4.3\
[   +3 ms] Found plugin shared_preferences_linux at C:\Users\Jbuje\AppData\Local\Pub\Cache\hosted\pub.dev\shared_preferences_linux-2.4.1\
[   +3 ms] Found plugin path_provider_linux at C:\Users\Jbuje\AppData\Local\Pub\Cache\hosted\pub.dev\path_provider_linux-2.2.1\
[   +3 ms] Found plugin shared_preferences_foundation at C:\Users\Jbuje\AppData\Local\Pub\Cache\hosted\pub.dev\shared_preferences_foundation-2.5.6\
[   +1 ms] Found plugin shared_preferences_android at C:\Users\Jbuje\AppData\Local\Pub\Cache\hosted\pub.dev\shared_preferences_android-2.4.20\
[   +7 ms] Found plugin image_picker at C:\Users\Jbuje\AppData\Local\Pub\Cache\hosted\pub.dev\image_picker-1.2.1\
[   +2 ms] Found plugin image_picker_windows at C:\Users\Jbuje\AppData\Local\Pub\Cache\hosted\pub.dev\image_picker_windows-0.2.2\
[  +12 ms] Found plugin file_selector_windows at C:\Users\Jbuje\AppData\Local\Pub\Cache\hosted\pub.dev\file_selector_windows-0.9.3+5\
[   +4 ms] Found plugin image_picker_macos at C:\Users\Jbuje\AppData\Local\Pub\Cache\hosted\pub.dev\image_picker_macos-0.2.2+1\
[   +2 ms] Found plugin file_selector_macos at C:\Users\Jbuje\AppData\Local\Pub\Cache\hosted\pub.dev\file_selector_macos-0.9.5\
[   +2 ms] Found plugin image_picker_linux at C:\Users\Jbuje\AppData\Local\Pub\Cache\hosted\pub.dev\image_picker_linux-0.2.2\
[   +4 ms] Found plugin file_selector_linux at C:\Users\Jbuje\AppData\Local\Pub\Cache\hosted\pub.dev\file_selector_linux-0.9.4\
[   +2 ms] Found plugin image_picker_ios at C:\Users\Jbuje\AppData\Local\Pub\Cache\hosted\pub.dev\image_picker_ios-0.8.13+3\
[   +2 ms] Found plugin image_picker_for_web at C:\Users\Jbuje\AppData\Local\Pub\Cache\hosted\pub.dev\image_picker_for_web-3.1.1\
[   +4 ms] Found plugin image_picker_android at C:\Users\Jbuje\AppData\Local\Pub\Cache\hosted\pub.dev\image_picker_android-0.8.13+13\
[   +2 ms] Found plugin flutter_plugin_android_lifecycle at C:\Users\Jbuje\AppData\Local\Pub\Cache\hosted\pub.dev\flutter_plugin_android_lifecycle-2.0.33\
[   +5 ms] Found plugin path_provider at C:\Users\Jbuje\AppData\Local\Pub\Cache\hosted\pub.dev\path_provider-2.1.5\
[   +2 ms] Found plugin path_provider_foundation at C:\Users\Jbuje\AppData\Local\Pub\Cache\hosted\pub.dev\path_provider_foundation-2.6.0\
[  +18 ms] Found plugin path_provider_android at C:\Users\Jbuje\AppData\Local\Pub\Cache\hosted\pub.dev\path_provider_android-2.2.22\
[  +17 ms] Skipping generating web_plugin_registrant.dart because it is up-to-date.
[  +65 ms] Found plugin shared_preferences at C:\Users\Jbuje\AppData\Local\Pub\Cache\hosted\pub.dev\shared_preferences-2.5.4\
[   +2 ms] Found plugin shared_preferences_windows at C:\Users\Jbuje\AppData\Local\Pub\Cache\hosted\pub.dev\shared_preferences_windows-2.4.1\
[   +7 ms] Found plugin path_provider_windows at C:\Users\Jbuje\AppData\Local\Pub\Cache\hosted\pub.dev\path_provider_windows-2.3.0\
[   +9 ms] Found plugin shared_preferences_web at C:\Users\Jbuje\AppData\Local\Pub\Cache\hosted\pub.dev\shared_preferences_web-2.4.3\
[   +7 ms] Found plugin shared_preferences_linux at C:\Users\Jbuje\AppData\Local\Pub\Cache\hosted\pub.dev\shared_preferences_linux-2.4.1\
[   +2 ms] Found plugin path_provider_linux at C:\Users\Jbuje\AppData\Local\Pub\Cache\hosted\pub.dev\path_provider_linux-2.2.1\
[   +3 ms] Found plugin shared_preferences_foundation at C:\Users\Jbuje\AppData\Local\Pub\Cache\hosted\pub.dev\shared_preferences_foundation-2.5.6\
[   +2 ms] Found plugin shared_preferences_android at C:\Users\Jbuje\AppData\Local\Pub\Cache\hosted\pub.dev\shared_preferences_android-2.4.20\
[   +8 ms] Found plugin image_picker at C:\Users\Jbuje\AppData\Local\Pub\Cache\hosted\pub.dev\image_picker-1.2.1\
[   +2 ms] Found plugin image_picker_windows at C:\Users\Jbuje\AppData\Local\Pub\Cache\hosted\pub.dev\image_picker_windows-0.2.2\
[  +14 ms] Found plugin file_selector_windows at C:\Users\Jbuje\AppData\Local\Pub\Cache\hosted\pub.dev\file_selector_windows-0.9.3+5\
[   +4 ms] Found plugin image_picker_macos at C:\Users\Jbuje\AppData\Local\Pub\Cache\hosted\pub.dev\image_picker_macos-0.2.2+1\
[   +2 ms] Found plugin file_selector_macos at C:\Users\Jbuje\AppData\Local\Pub\Cache\hosted\pub.dev\file_selector_macos-0.9.5\
[   +1 ms] Found plugin image_picker_linux at C:\Users\Jbuje\AppData\Local\Pub\Cache\hosted\pub.dev\image_picker_linux-0.2.2\
[   +2 ms] Found plugin file_selector_linux at C:\Users\Jbuje\AppData\Local\Pub\Cache\hosted\pub.dev\file_selector_linux-0.9.4\
[   +2 ms] Found plugin image_picker_ios at C:\Users\Jbuje\AppData\Local\Pub\Cache\hosted\pub.dev\image_picker_ios-0.8.13+3\
[   +3 ms] Found plugin image_picker_for_web at C:\Users\Jbuje\AppData\Local\Pub\Cache\hosted\pub.dev\image_picker_for_web-3.1.1\
[   +4 ms] Found plugin image_picker_android at C:\Users\Jbuje\AppData\Local\Pub\Cache\hosted\pub.dev\image_picker_android-0.8.13+13\
[   +2 ms] Found plugin flutter_plugin_android_lifecycle at C:\Users\Jbuje\AppData\Local\Pub\Cache\hosted\pub.dev\flutter_plugin_android_lifecycle-2.0.33\
[   +4 ms] Found plugin path_provider at C:\Users\Jbuje\AppData\Local\Pub\Cache\hosted\pub.dev\path_provider-2.1.5\
[   +1 ms] Found plugin path_provider_foundation at C:\Users\Jbuje\AppData\Local\Pub\Cache\hosted\pub.dev\path_provider_foundation-2.6.0\
[  +18 ms] Found plugin path_provider_android at C:\Users\Jbuje\AppData\Local\Pub\Cache\hosted\pub.dev\path_provider_android-2.2.22\
[  +56 ms] Generating C:\Users\Jbuje\Desktop\CAISSE AHMED\mobile\android\app\src\main\java\io\flutter\plugins\GeneratedPluginRegistrant.java
[   +5 ms] Skipping generating GeneratedPluginRegistrant.java because it is up-to-date.
[ +311 ms] Skipping generating generated_plugin_registrant.h because it is up-to-date.
[   +3 ms] Skipping generating generated_plugin_registrant.cc because it is up-to-date.
[   +3 ms] Skipping generating generated_plugins.cmake because it is up-to-date.
[   +6 ms] Skipping generating generated_plugin_registrant.h because it is up-to-date.
[   +2 ms] Skipping generating generated_plugin_registrant.cc because it is up-to-date.
[   +3 ms] Skipping generating generated_plugins.cmake because it is up-to-date.
[   +3 ms] Skipping generating GeneratedPluginRegistrant.h because it is up-to-date.
[   +2 ms] Skipping generating GeneratedPluginRegistrant.m because it is up-to-date.
[   +4 ms] Skipping generating GeneratedPluginRegistrant.swift because it is up-to-date.
[ +959 ms] executing: C:\Program Files\Android\Android Studio\jbr\bin\java -version
[ +182 ms] Exit code 1 from: C:\Program Files\Android\Android Studio\jbr\bin\java -version
[        ] Error: could not open `C:\Program Files\Android\Android Studio\jbr\lib\jvm.cfg'
[  +82 ms] Top-level Gradle build file not found, skipping migration of task "clean".
[   +3 ms] Android Studio version could not be detected, skipping Gradle-Java version compatibility check.
[  +42 ms] CMake project not found, skipping support Android 15 16k page size migration.
[   +6 ms] Using gradle from C:\Users\Jbuje\Desktop\CAISSE AHMED\mobile\android\gradlew.bat.
[  +18 ms] LocalFile: 'C:\Users\Jbuje\Desktop\CAISSE AHMED\mobile\android\build.gradle.kts' doesn't provide an AGP version. Checking settings.
[   +5 ms] LocalFile: 'C:\Users\Jbuje\Desktop\CAISSE AHMED\mobile\android\settings.gradle.kts' provides AGP version: 8.11.1
[  +47 ms] Running Gradle task 'assembleRelease'...
[   +2 ms] executing: [C:\Users\Jbuje\Desktop\CAISSE AHMED\mobile\android/] C:\Users\Jbuje\Desktop\CAISSE AHMED\mobile\android\gradlew.bat --full-stacktrace --info -Pverbose=true -Ptarget-platform=android-arm,android-arm64,android-x64 -Ptarget=lib\main.dart -Pbase-application-name=android.app.Application -Pdart-defines=RkxVVFRFUl9WRVJTSU9OPTMuMzguNQ==,RkxVVFRFUl9DSEFOTkVMPXN0YWJsZQ==,RkxVVFRFUl9HSVRfVVJMPWh0dHBzOi8vZ2l0aHViLmNvbS9mbHV0dGVyL2ZsdXR0ZXIuZ2l0,RkxVVFRFUl9GUkFNRVdPUktfUkVWSVNJT049ZjZmZjE1MjlmZA==,RkxVVFRFUl9FTkdJTkVfUkVWSVNJT049MTUyN2FlMGVjNQ==,RkxVVFRFUl9EQVJUX1ZFUlNJT049My4xMC40 -Pdart-obfuscation=false -Ptrack-widget-creation=true -Ptree-shake-icons=true -Psplit-per-abi=true assembleRelease
[+3413 ms] Initialized native services in: C:\Users\Jbuje\.gradle\native
[   +1 ms] Initialized jansi services in: C:\Users\Jbuje\.gradle\native
[+1156 ms] The client will now receive all logging from the daemon (pid: 23288). The daemon log file: C:\Users\Jbuje\.gradle\daemon\8.14\daemon-23288.out.log
[        ] Starting 2nd build in daemon [uptime: 3 mins 46.334 secs, performance: 100%, GC rate: 0.00/s, heap usage: 0% of 8 GiB, non-heap usage: 2% of 4 GiB]
[  +92 ms] Using 4 worker leases.
[ +211 ms] Now considering [C:\Users\Jbuje\Desktop\CAISSE AHMED\mobile\android, C:\flutter_windows_3.29.2-stable\flutter\packages\flutter_tools\gradle] as hierarchies to watch
[        ] Watching the file system is configured to be enabled if available
[  +89 ms] File system watching is active
[ +111 ms] Starting Build
[+3613 ms] Now considering [C:\flutter_windows_3.29.2-stable\flutter\packages\flutter_tools\gradle, C:\Users\Jbuje\Desktop\CAISSE AHMED\mobile\android] as hierarchies to watch
[+2079 ms] > Configure project :gradle
[   +1 ms] Evaluating project ':gradle' using build file 'C:\flutter_windows_3.29.2-stable\flutter\packages\flutter_tools\gradle\build.gradle.kts'.
[        ] Resolved plugin [id: 'org.gradle.java-gradle-plugin']
[        ] Resolved plugin [id: 'org.gradle.groovy']
[        ] Resolved plugin [id: 'org.gradle.kotlin.kotlin-dsl', version: '5.2.0']
[        ] Resolved plugin [id: 'org.jetbrains.kotlin.jvm', version: '1.9.20']
[        ] Using Kotlin Gradle Plugin gradle85 variant
[        ] kotlin scripting plugin: created the scripting discovery configuration: kotlinScriptDef
[        ] kotlin scripting plugin: created the scripting discovery configuration: testKotlinScriptDef
[        ] file or directory 'C:\flutter_windows_3.29.2-stable\flutter\packages\flutter_tools\gradle\src\main\java', not found
[  +97 ms] Resolved plugin [id: 'dev.flutter.flutter-plugin-loader', version: '1.0.0']
[   +1 ms] Resolved plugin [id: 'com.android.application', version: '8.11.1', apply: false]
[        ] Resolved plugin [id: 'org.jetbrains.kotlin.android', version: '2.2.20', apply: false]
[ +296 ms] Resolve mutations for :gradle:checkKotlinGradlePluginConfigurationErrors (Thread[Execution worker,5,main]) started.
[   +2 ms] :gradle:checkKotlinGradlePluginConfigurationErrors (Thread[Execution worker,5,main]) started.
[ +100 ms] > Task :gradle:checkKotlinGradlePluginConfigurationErrors SKIPPED
[        ] Skipping task ':gradle:checkKotlinGradlePluginConfigurationErrors' as task onlyIf 'errorDiagnostics are present' is false.
[        ] Resolve mutations for :gradle:compileKotlin (Thread[Execution worker,5,main]) started.
[        ] :gradle:compileKotlin (Thread[Execution worker,5,main]) started.
[ +293 ms] > Task :gradle:compileKotlin UP-TO-DATE
[        ] Caching disabled for task ':gradle:compileKotlin' because:
[   +2 ms]   Build cache is disabled
[   +1 ms] Skipping task ':gradle:compileKotlin' as it is up-to-date.
[   +2 ms] Resolve mutations for :gradle:compileJava (Thread[Execution worker,5,main]) started.
[   +3 ms] :gradle:compileJava (Thread[Execution worker,5,main]) started.
[   +1 ms] > Task :gradle:compileJava NO-SOURCE
[        ] Skipping task ':gradle:compileJava' as it has no source files and no previous output files.
[        ] Resolve mutations for :gradle:compileGroovy (Thread[included builds,5,main]) started.
[        ] :gradle:compileGroovy (Thread[included builds,5,main]) started.
[   +1 ms] > Task :gradle:compileGroovy NO-SOURCE
[   +3 ms] Skipping task ':gradle:compileGroovy' as it has no source files and no previous output files.
[        ] Resolve mutations for :gradle:pluginDescriptors (Thread[included builds,5,main]) started.
[   +1 ms] :gradle:pluginDescriptors (Thread[included builds,5,main]) started.
[  +86 ms] > Task :gradle:pluginDescriptors UP-TO-DATE
[   +1 ms] Caching disabled for task ':gradle:pluginDescriptors' because:
[        ]   Build cache is disabled
[        ]   Not worth caching
[        ] Skipping task ':gradle:pluginDescriptors' as it is up-to-date.
[        ] Resolve mutations for :gradle:processResources (Thread[included builds,5,main]) started.
[   +1 ms] :gradle:processResources (Thread[included builds,5,main]) started.
[   +2 ms] > Task :gradle:processResources UP-TO-DATE
[        ] Caching disabled for task ':gradle:processResources' because:
[        ]   Build cache is disabled
[        ]   Not worth caching
[   +1 ms] Skipping task ':gradle:processResources' as it is up-to-date.
[   +2 ms] Resolve mutations for :gradle:classes (Thread[included builds,5,main]) started.
[   +1 ms] :gradle:classes (Thread[included builds,5,main]) started.
[   +6 ms] > Task :gradle:classes UP-TO-DATE
[   +2 ms] Skipping task ':gradle:classes' as it has no actions.
[   +1 ms] Resolve mutations for :gradle:jar (Thread[included builds,5,main]) started.
[   +1 ms] :gradle:jar (Thread[included builds,5,main]) started.
[   +2 ms] > Task :gradle:jar UP-TO-DATE
[        ] Caching disabled for task ':gradle:jar' because:
[        ]   Build cache is disabled
[        ]   Not worth caching
[        ] Skipping task ':gradle:jar' as it is up-to-date.
[ +760 ms] Settings evaluated using settings file 'C:\Users\Jbuje\Desktop\CAISSE AHMED\mobile\android\settings.gradle.kts'.
[  +93 ms] Projects loaded. Root project using build file 'C:\Users\Jbuje\Desktop\CAISSE AHMED\mobile\android\build.gradle.kts'.
[        ] Included projects: [root project 'android', project ':app', project ':flutter_plugin_android_lifecycle', project ':image_picker_android', project ':path_provider_android', project ':shared_preferences_android']
[+1802 ms] > Configure project :app
[        ] Evaluating project ':app' using build file 'C:\Users\Jbuje\Desktop\CAISSE AHMED\mobile\android\app\build.gradle.kts'.
[        ] Resolved plugin [id: 'com.android.application']
[        ] Resolved plugin [id: 'kotlin-android']
[        ] Resolved plugin [id: 'dev.flutter.flutter-gradle-plugin']
[        ] Using default execution profile
[        ] Build 69856f49-40d1-4095-96cf-a162eea20c46 is started
[        ] Using Kotlin Gradle Plugin gradle813 variant
[        ] C/C++: android.ndkVersion from module build.gradle is [28.2.13676358]
[        ] C/C++: android.ndkPath from module build.gradle is not set
[        ] C/C++: ndk.dir in local.properties is not set
[        ] C/C++: Not considering ANDROID_NDK_HOME because support was removed after deprecation period.
[   +6 ms] C/C++: sdkFolder is C:\Users\Jbuje\AppData\Local\Android\sdk
[   +2 ms] C/C++: android.ndkVersion from module build.gradle is [28.2.13676358]
[   +3 ms] C/C++: android.ndkPath from module build.gradle is not set
[   +2 ms] C/C++: ndk.dir in local.properties is not set
[   +1 ms] C/C++: Not considering ANDROID_NDK_HOME because support was removed after deprecation period.
[        ] C/C++: sdkFolder is C:\Users\Jbuje\AppData\Local\Android\sdk
[        ] C/C++: android.ndkVersion from module build.gradle is [28.2.13676358]
[        ] C/C++: android.ndkPath from module build.gradle is not set
[        ] C/C++: ndk.dir in local.properties is not set
[        ] C/C++: Not considering ANDROID_NDK_HOME because support was removed after deprecation period.
[        ] C/C++: sdkFolder is C:\Users\Jbuje\AppData\Local\Android\sdk
[        ] C/C++: android.ndkVersion from module build.gradle is [28.2.13676358]
[        ] C/C++: android.ndkPath from module build.gradle is not set
[   +3 ms] C/C++: ndk.dir in local.properties is not set
[        ] C/C++: Not considering ANDROID_NDK_HOME because support was removed after deprecation period.
[   +1 ms] C/C++: sdkFolder is C:\Users\Jbuje\AppData\Local\Android\sdk
[   +1 ms] C/C++: android.ndkVersion from module build.gradle is [28.2.13676358]
[        ] C/C++: android.ndkPath from module build.gradle is not set
[   +1 ms] C/C++: ndk.dir in local.properties is not set
[        ] C/C++: Not considering ANDROID_NDK_HOME because support was removed after deprecation period.
[        ] C/C++: sdkFolder is C:\Users\Jbuje\AppData\Local\Android\sdk
[        ] C/C++: android.ndkVersion from module build.gradle is [28.2.13676358]
[        ] C/C++: android.ndkPath from module build.gradle is not set
[        ] C/C++: ndk.dir in local.properties is not set
[        ] C/C++: Not considering ANDROID_NDK_HOME because support was removed after deprecation period.
[        ] C/C++: sdkFolder is C:\Users\Jbuje\AppData\Local\Android\sdk
[        ] C/C++: android.ndkVersion from module build.gradle is [28.2.13676358]
[        ] C/C++: android.ndkPath from module build.gradle is not set
[        ] C/C++: ndk.dir in local.properties is not set
[        ] C/C++: Not considering ANDROID_NDK_HOME because support was removed after deprecation period.
[        ] C/C++: sdkFolder is C:\Users\Jbuje\AppData\Local\Android\sdk
[        ] C/C++: android.ndkVersion from module build.gradle is [28.2.13676358]
[        ] C/C++: android.ndkPath from module build.gradle is not set
[        ] C/C++: ndk.dir in local.properties is not set
[        ] C/C++: Not considering ANDROID_NDK_HOME because support was removed after deprecation period.
[   +1 ms] C/C++: sdkFolder is C:\Users\Jbuje\AppData\Local\Android\sdk
[        ] C/C++: android.ndkVersion from module build.gradle is [28.2.13676358]
[   +3 ms] C/C++: android.ndkPath from module build.gradle is not set
[   +2 ms] C/C++: ndk.dir in local.properties is not set
[   +1 ms] C/C++: Not considering ANDROID_NDK_HOME because support was removed after deprecation period.
[        ] C/C++: sdkFolder is C:\Users\Jbuje\AppData\Local\Android\sdk
[   +1 ms] C/C++: android.ndkVersion from module build.gradle is [28.2.13676358]
[        ] C/C++: android.ndkPath from module build.gradle is not set
[        ] C/C++: ndk.dir in local.properties is not set
[        ] C/C++: Not considering ANDROID_NDK_HOME because support was removed after deprecation period.
[        ] C/C++: sdkFolder is C:\Users\Jbuje\AppData\Local\Android\sdk
[        ] C/C++: android.ndkVersion from module build.gradle is [28.2.13676358]
[        ] C/C++: android.ndkPath from module build.gradle is not set
[        ] C/C++: ndk.dir in local.properties is not set
[        ] C/C++: Not considering ANDROID_NDK_HOME because support was removed after deprecation period.
[        ] C/C++: sdkFolder is C:\Users\Jbuje\AppData\Local\Android\sdk
[   +1 ms] C/C++: android.ndkVersion from module build.gradle is [28.2.13676358]
[   +2 ms] C/C++: android.ndkPath from module build.gradle is not set
[        ] C/C++: ndk.dir in local.properties is not set
[        ] C/C++: Not considering ANDROID_NDK_HOME because support was removed after deprecation period.
[        ] C/C++: sdkFolder is C:\Users\Jbuje\AppData\Local\Android\sdk
[        ] C/C++: android.ndkVersion from module build.gradle is [28.2.13676358]
[        ] C/C++: android.ndkPath from module build.gradle is not set
[        ] C/C++: ndk.dir in local.properties is not set
[        ] C/C++: Not considering ANDROID_NDK_HOME because support was removed after deprecation period.
[        ] C/C++: sdkFolder is C:\Users\Jbuje\AppData\Local\Android\sdk
[        ] C/C++: android.ndkVersion from module build.gradle is [28.2.13676358]
[        ] C/C++: android.ndkPath from module build.gradle is not set
[        ] C/C++: ndk.dir in local.properties is not set
[        ] C/C++: Not considering ANDROID_NDK_HOME because support was removed after deprecation period.
[        ] C/C++: sdkFolder is C:\Users\Jbuje\AppData\Local\Android\sdk
[        ] C/C++: android.ndkVersion from module build.gradle is [28.2.13676358]
[        ] C/C++: android.ndkPath from module build.gradle is not set
[        ] C/C++: ndk.dir in local.properties is not set
[        ] C/C++: Not considering ANDROID_NDK_HOME because support was removed after deprecation period.
[        ] C/C++: sdkFolder is C:\Users\Jbuje\AppData\Local\Android\sdk
[        ] C/C++: android.ndkVersion from module build.gradle is [28.2.13676358]
[        ] C/C++: android.ndkPath from module build.gradle is not set
[        ] C/C++: ndk.dir in local.properties is not set
[        ] C/C++: Not considering ANDROID_NDK_HOME because support was removed after deprecation period.
[        ] C/C++: sdkFolder is C:\Users\Jbuje\AppData\Local\Android\sdk
[        ] C/C++: android.ndkVersion from module build.gradle is [28.2.13676358]
[        ] C/C++: android.ndkPath from module build.gradle is not set
[        ] C/C++: ndk.dir in local.properties is not set
[        ] C/C++: Not considering ANDROID_NDK_HOME because support was removed after deprecation period.
[        ] C/C++: sdkFolder is C:\Users\Jbuje\AppData\Local\Android\sdk
[        ] C/C++: android.ndkVersion from module build.gradle is [28.2.13676358]
[        ] C/C++: android.ndkPath from module build.gradle is not set
[        ] C/C++: ndk.dir in local.properties is not set
[        ] C/C++: Not considering ANDROID_NDK_HOME because support was removed after deprecation period.
[        ] C/C++: sdkFolder is C:\Users\Jbuje\AppData\Local\Android\sdk
[        ] C/C++: android.ndkVersion from module build.gradle is [28.2.13676358]
[        ] C/C++: android.ndkPath from module build.gradle is not set
[        ] C/C++: ndk.dir in local.properties is not set
[        ] C/C++: Not considering ANDROID_NDK_HOME because support was removed after deprecation period.
[        ] C/C++: sdkFolder is C:\Users\Jbuje\AppData\Local\Android\sdk
[        ] > Configure project :
[        ] Evaluating root project 'android' using build file 'C:\Users\Jbuje\Desktop\CAISSE AHMED\mobile\android\build.gradle.kts'.
[ +435 ms] > Configure project :flutter_plugin_android_lifecycle
[        ] Evaluating project ':flutter_plugin_android_lifecycle' using build file 'C:\Users\Jbuje\AppData\Local\Pub\Cache\hosted\pub.dev\flutter_plugin_android_lifecycle-2.0.33\android\build.gradle'.
[        ] Using default execution profile
[ +341 ms] > Configure project :image_picker_android
[   +3 ms] Evaluating project ':image_picker_android' using build file 'C:\Users\Jbuje\AppData\Local\Pub\Cache\hosted\pub.dev\image_picker_android-0.8.13+13\android\build.gradle'.
[   +7 ms] Using default execution profile
[ +152 ms] > Configure project :path_provider_android
[        ] Evaluating project ':path_provider_android' using build file 'C:\Users\Jbuje\AppData\Local\Pub\Cache\hosted\pub.dev\path_provider_android-2.2.22\android\build.gradle'.
[   +1 ms] Using default execution profile
[ +498 ms] > Configure project :shared_preferences_android
[   +1 ms] Evaluating project ':shared_preferences_android' using build file 'C:\Users\Jbuje\AppData\Local\Pub\Cache\hosted\pub.dev\shared_preferences_android-2.4.20\android\build.gradle'.
[        ] Using default execution profile
[        ] Using Kotlin Gradle Plugin gradle813 variant
[        ] All projects evaluated.
[        ] Task name matched 'assembleRelease'
[        ] Selected primary task 'assembleRelease' from project :
[+1092 ms] Tasks to be executed: [task ':app:ReleaseMinSdkCheck', task ':app:compileFlutterBuildRelease', task ':app:packJniLibsflutterBuildRelease', task ':app:preBuild', task ':app:preReleaseBuild', task ':app:configureCMakeRelease[arm64-v8a]', task ':app:buildCMakeRelease[arm64-v8a]', task ':app:configureCMakeRelease[armeabi-v7a]', task ':app:buildCMakeRelease[armeabi-v7a]', task ':app:configureCMakeRelease[x86_64]', task ':app:buildCMakeRelease[x86_64]', task ':app:mergeReleaseJniLibFolders', task ':flutter_plugin_android_lifecycle:preBuild', task ':flutter_plugin_android_lifecycle:preReleaseBuild', task ':flutter_plugin_android_lifecycle:mergeReleaseJniLibFolders', task ':flutter_plugin_android_lifecycle:mergeReleaseNativeLibs', task ':flutter_plugin_android_lifecycle:copyReleaseJniLibsProjectOnly', task ':image_picker_android:preBuild', task ':image_picker_android:preReleaseBuild', task ':image_picker_android:mergeReleaseJniLibFolders', task ':image_picker_android:mergeReleaseNativeLibs', task ':image_picker_android:copyReleaseJniLibsProjectOnly', task ':path_provider_android:preBuild', task ':path_provider_android:preReleaseBuild', task ':path_provider_android:mergeReleaseJniLibFolders', task ':path_provider_android:mergeReleaseNativeLibs', task ':path_provider_android:copyReleaseJniLibsProjectOnly', task ':shared_preferences_android:preBuild', task ':shared_preferences_android:preReleaseBuild', task ':shared_preferences_android:mergeReleaseJniLibFolders', task ':shared_preferences_android:mergeReleaseNativeLibs', task ':shared_preferences_android:copyReleaseJniLibsProjectOnly', task ':app:mergeReleaseNativeLibs', task ':app:stripReleaseDebugSymbols', task ':app:extractReleaseNativeSymbolTables', task ':app:mergeReleaseNativeDebugMetadata', task ':flutter_plugin_android_lifecycle:generateReleaseResValues', task ':flutter_plugin_android_lifecycle:generateReleaseResources', task ':flutter_plugin_android_lifecycle:packageReleaseResources', task ':flutter_plugin_android_lifecycle:parseReleaseLocalResources', task ':flutter_plugin_android_lifecycle:generateReleaseRFile', task ':flutter_plugin_android_lifecycle:javaPreCompileRelease', task ':flutter_plugin_android_lifecycle:compileReleaseJavaWithJavac', task ':flutter_plugin_android_lifecycle:bundleLibCompileToJarRelease', task ':image_picker_android:generateReleaseResValues', task ':image_picker_android:generateReleaseResources', task ':image_picker_android:packageReleaseResources', task ':image_picker_android:parseReleaseLocalResources', task ':image_picker_android:generateReleaseRFile', task ':image_picker_android:javaPreCompileRelease', task ':image_picker_android:compileReleaseJavaWithJavac', task ':image_picker_android:mergeReleaseGeneratedProguardFiles', task ':image_picker_android:exportReleaseConsumerProguardFiles', task ':flutter_plugin_android_lifecycle:mergeReleaseGeneratedProguardFiles', task ':flutter_plugin_android_lifecycle:exportReleaseConsumerProguardFiles', task ':path_provider_android:generateReleaseResValues', task ':path_provider_android:generateReleaseResources', task ':path_provider_android:packageReleaseResources', task ':path_provider_android:parseReleaseLocalResources', task ':path_provider_android:generateReleaseRFile', task ':path_provider_android:javaPreCompileRelease', task ':path_provider_android:compileReleaseJavaWithJavac', task ':path_provider_android:mergeReleaseGeneratedProguardFiles', task ':path_provider_android:exportReleaseConsumerProguardFiles', task ':shared_preferences_android:checkKotlinGradlePluginConfigurationErrors', task ':shared_preferences_android:generateReleaseResValues', task ':shared_preferences_android:generateReleaseResources', task ':shared_preferences_android:packageReleaseResources', task ':shared_preferences_android:parseReleaseLocalResources', task ':shared_preferences_android:generateReleaseRFile', task ':shared_preferences_android:compileReleaseKotlin', task ':shared_preferences_android:javaPreCompileRelease', task ':shared_preferences_android:compileReleaseJavaWithJavac', task ':shared_preferences_android:mergeReleaseGeneratedProguardFiles', task ':shared_preferences_android:exportReleaseConsumerProguardFiles', task ':app:buildKotlinToolingMetadata', task ':app:checkReleaseDuplicateClasses', task ':app:checkKotlinGradlePluginConfigurationErrors', task ':flutter_plugin_android_lifecycle:writeReleaseAarMetadata', task ':image_picker_android:writeReleaseAarMetadata', task ':path_provider_android:writeReleaseAarMetadata', task ':shared_preferences_android:writeReleaseAarMetadata', task ':app:checkReleaseAarMetadata', task ':app:cleanMergeReleaseAssets', task ':app:mergeReleaseShaders', task ':app:compileReleaseShaders', task ':app:generateReleaseAssets', task ':flutter_plugin_android_lifecycle:mergeReleaseShaders', task ':flutter_plugin_android_lifecycle:compileReleaseShaders', task ':flutter_plugin_android_lifecycle:generateReleaseAssets', task ':flutter_plugin_android_lifecycle:mergeReleaseAssets', task ':image_picker_android:mergeReleaseShaders', task ':image_picker_android:compileReleaseShaders', task ':image_picker_android:generateReleaseAssets', task ':image_picker_android:mergeReleaseAssets', task ':path_provider_android:mergeReleaseShaders', task ':path_provider_android:compileReleaseShaders', task ':path_provider_android:generateReleaseAssets', task ':path_provider_android:mergeReleaseAssets', task ':shared_preferences_android:mergeReleaseShaders', task ':shared_preferences_android:compileReleaseShaders', task ':shared_preferences_android:generateReleaseAssets', task ':shared_preferences_android:mergeReleaseAssets', task ':app:mergeReleaseAssets', task ':app:copyFlutterAssetsRelease', task ':app:generateReleaseResValues', task ':app:mapReleaseSourceSetPaths', task ':app:generateReleaseResources', task ':app:mergeReleaseResources', task ':app:packageReleaseResources', task ':app:parseReleaseLocalResources', task ':app:createReleaseCompatibleScreenManifests', task ':app:extractDeepLinksRelease', task ':flutter_plugin_android_lifecycle:extractDeepLinksRelease', task ':flutter_plugin_android_lifecycle:processReleaseManifest', task ':image_picker_android:extractDeepLinksRelease', task ':image_picker_android:processReleaseManifest', task ':path_provider_android:extractDeepLinksRelease', task ':path_provider_android:processReleaseManifest', task ':shared_preferences_android:extractDeepLinksRelease', task ':shared_preferences_android:processReleaseManifest', task ':app:processReleaseMainManifest', task ':app:outputReleaseAppLinkSettings', task ':app:processReleaseManifest', task ':app:processReleaseManifestForPackage', task ':app:processReleaseResources', task ':image_picker_android:bundleLibCompileToJarRelease', task ':path_provider_android:bundleLibCompileToJarRelease', task ':shared_preferences_android:bundleLibCompileToJarRelease', task ':app:compileReleaseKotlin', task ':app:javaPreCompileRelease', task ':app:compileReleaseJavaWithJavac', task ':flutter_plugin_android_lifecycle:prepareReleaseArtProfile', task ':image_picker_android:prepareReleaseArtProfile', task ':path_provider_android:prepareReleaseArtProfile', task ':shared_preferences_android:prepareReleaseArtProfile', task ':app:mergeReleaseArtProfile', task ':flutter_plugin_android_lifecycle:bundleLibRuntimeToJarRelease', task ':image_picker_android:bundleLibRuntimeToJarRelease', task ':path_provider_android:bundleLibRuntimeToJarRelease', task ':shared_preferences_android:bundleLibRuntimeToJarRelease', task ':app:expandReleaseArtProfileWildcards', task ':app:extractProguardFiles', task ':app:mergeReleaseGeneratedProguardFiles', task ':app:processReleaseJavaRes', task ':flutter_plugin_android_lifecycle:processReleaseJavaRes', task ':image_picker_android:processReleaseJavaRes', task ':path_provider_android:processReleaseJavaRes', task ':shared_preferences_android:processReleaseJavaRes', task ':app:mergeReleaseJavaResource', task ':app:mergeReleaseStartupProfile', task ':app:minifyReleaseWithR8', task ':app:compileReleaseArtProfile', task ':app:compressReleaseAssets', task ':app:extractReleaseVersionControlInfo', task ':flutter_plugin_android_lifecycle:createFullJarRelease', task ':flutter_plugin_android_lifecycle:extractProguardFiles', task ':flutter_plugin_android_lifecycle:generateReleaseLintModel', task ':flutter_plugin_android_lifecycle:prepareLintJarForPublish', task ':image_picker_android:createFullJarRelease', task ':image_picker_android:extractProguardFiles', task ':image_picker_android:generateReleaseLintModel', task ':image_picker_android:prepareLintJarForPublish', task ':path_provider_android:createFullJarRelease', task ':path_provider_android:extractProguardFiles', task ':path_provider_android:generateReleaseLintModel', task ':path_provider_android:prepareLintJarForPublish', task ':shared_preferences_android:createFullJarRelease', task ':shared_preferences_android:extractProguardFiles', task ':shared_preferences_android:generateReleaseLintModel', task ':shared_preferences_android:prepareLintJarForPublish', task ':app:generateReleaseLintVitalReportModel', task ':image_picker_android:stripReleaseDebugSymbols', task ':image_picker_android:copyReleaseJniLibsProjectAndLocalJars', task ':image_picker_android:extractDeepLinksForAarRelease', task ':image_picker_android:extractReleaseAnnotations', task ':image_picker_android:mergeReleaseConsumerProguardFiles', task ':image_picker_android:mergeReleaseJavaResource', task ':image_picker_android:syncReleaseLibJars', task ':image_picker_android:bundleReleaseLocalLintAar', task ':flutter_plugin_android_lifecycle:stripReleaseDebugSymbols', task ':flutter_plugin_android_lifecycle:copyReleaseJniLibsProjectAndLocalJars', task ':flutter_plugin_android_lifecycle:extractDeepLinksForAarRelease', task ':flutter_plugin_android_lifecycle:extractReleaseAnnotations', task ':flutter_plugin_android_lifecycle:mergeReleaseConsumerProguardFiles', task ':flutter_plugin_android_lifecycle:mergeReleaseJavaResource', task ':flutter_plugin_android_lifecycle:syncReleaseLibJars', task ':flutter_plugin_android_lifecycle:bundleReleaseLocalLintAar', task ':path_provider_android:stripReleaseDebugSymbols', task ':path_provider_android:copyReleaseJniLibsProjectAndLocalJars', task ':path_provider_android:extractDeepLinksForAarRelease', task ':path_provider_android:extractReleaseAnnotations', task ':path_provider_android:mergeReleaseConsumerProguardFiles', task ':path_provider_android:mergeReleaseJavaResource', task ':path_provider_android:syncReleaseLibJars', task ':path_provider_android:bundleReleaseLocalLintAar', task ':shared_preferences_android:stripReleaseDebugSymbols', task ':shared_preferences_android:copyReleaseJniLibsProjectAndLocalJars', task ':shared_preferences_android:extractDeepLinksForAarRelease', task ':shared_preferences_android:extractReleaseAnnotations', task ':shared_preferences_android:mergeReleaseConsumerProguardFiles', task ':shared_preferences_android:mergeReleaseJavaResource', task ':shared_preferences_android:syncReleaseLibJars', task ':shared_preferences_android:bundleReleaseLocalLintAar', task ':flutter_plugin_android_lifecycle:lintVitalAnalyzeRelease', task ':flutter_plugin_android_lifecycle:writeReleaseLintModelMetadata', task ':image_picker_android:lintVitalAnalyzeRelease', task ':image_picker_android:writeReleaseLintModelMetadata', task ':path_provider_android:lintVitalAnalyzeRelease', task ':path_provider_android:writeReleaseLintModelMetadata', task ':shared_preferences_android:lintVitalAnalyzeRelease', task ':shared_preferences_android:writeReleaseLintModelMetadata', task ':app:lintVitalAnalyzeRelease', task ':flutter_plugin_android_lifecycle:generateReleaseLintVitalModel', task ':image_picker_android:generateReleaseLintVitalModel', task ':path_provider_android:generateReleaseLintVitalModel', task ':shared_preferences_android:generateReleaseLintVitalModel', task ':app:lintVitalReportRelease', task ':app:lintVitalRelease', task ':app:convertShrunkResourcesToBinaryRelease', task ':app:optimizeReleaseResources', task ':app:collectReleaseDependencies', task ':app:sdkReleaseDependencyData', task ':app:validateSigningRelease', task ':app:writeReleaseAppMetadata', task ':app:writeReleaseSigningConfigVersions', task ':app:packageRelease', task ':app:createReleaseApkListingFileRedirect', task ':app:assembleRelease', task ':flutter_plugin_android_lifecycle:bundleReleaseAar', task ':flutter_plugin_android_lifecycle:mapReleaseSourceSetPaths', task ':flutter_plugin_android_lifecycle:mergeReleaseResources', task ':flutter_plugin_android_lifecycle:verifyReleaseResources', task ':flutter_plugin_android_lifecycle:assembleRelease', task ':image_picker_android:bundleReleaseAar', task ':flutter_plugin_android_lifecycle:compileReleaseLibraryResources', task ':image_picker_android:mapReleaseSourceSetPaths', task ':image_picker_android:mergeReleaseResources', task ':image_picker_android:verifyReleaseResources', task ':image_picker_android:assembleRelease', task ':path_provider_android:bundleReleaseAar', task ':path_provider_android:mapReleaseSourceSetPaths', task ':path_provider_android:mergeReleaseResources', task ':path_provider_android:verifyReleaseResources', task ':path_provider_android:assembleRelease', task ':shared_preferences_android:bundleReleaseAar', task ':shared_preferences_android:mapReleaseSourceSetPaths', task ':shared_preferences_android:mergeReleaseResources', task ':shared_preferences_android:verifyReleaseResources', task ':shared_preferences_android:assembleRelease']
[   +1 ms] Tasks that were excluded: []
[        ] work action Parameters of FilterShrinkerRulesTransform (Thread[Execution worker,5,main]) started.
[        ] work action Parameters of ExtractAarTransform (Thread[Execution worker,5,main]) started.
[        ] work action Parameters of ExtractAarTransform (Thread[Execution worker,5,main]) started.
[        ] Resolve mutations for :app:ReleaseMinSdkCheck (Thread[Execution worker,5,main]) started.
[        ] :app:ReleaseMinSdkCheck (Thread[Execution worker,5,main]) started.
[        ] > Task :app:ReleaseMinSdkCheck
[        ] Caching disabled for task ':app:ReleaseMinSdkCheck' because:
[        ]   Build cache is disabled
[        ] Task ':app:ReleaseMinSdkCheck' is not up-to-date because:
[        ]   Task has not declared any outputs despite executing actions.
[        ] Resolve mutations for :app:compileFlutterBuildRelease (Thread[Execution worker,5,main]) started.
[        ] :app:compileFlutterBuildRelease (Thread[Execution worker Thread 3,5,main]) started.
[+1995 ms] > Task :app:compileFlutterBuildRelease
[   +1 ms] Caching disabled for task ':app:compileFlutterBuildRelease' because:
[        ]   Build cache is disabled
[        ]   Caching has not been enabled for the task
[        ] Task ':app:compileFlutterBuildRelease' is not up-to-date because:
[        ]   Task has failed previously.
[        ] Starting process 'command 'C:\flutter_windows_3.29.2-stable\flutter\bin\flutter.bat''. Working directory: C:\Users\Jbuje\Desktop\CAISSE AHMED\mobile Command: C:\flutter_windows_3.29.2-stable\flutter\bin\flutter.bat --verbose assemble --no-version-check --depfile C:\Users\Jbuje\Desktop\CAISSE AHMED\mobile\build\app\intermediates\flutter\release/flutter_build.d --output C:\Users\Jbuje\Desktop\CAISSE AHMED\mobile\build\app\intermediates\flutter\release -dTargetFile=lib\main.dart -dTargetPlatform=android -dBuildMode=release -dTrackWidgetCreation=true -dTreeShakeIcons=true --DartDefines=RkxVVFRFUl9WRVJTSU9OPTMuMzguNQ==,RkxVVFRFUl9DSEFOTkVMPXN0YWJsZQ==,RkxVVFRFUl9HSVRfVVJMPWh0dHBzOi8vZ2l0aHViLmNvbS9mbHV0dGVyL2ZsdXR0ZXIuZ2l0,RkxVVFRFUl9GUkFNRVdPUktfUkVWSVNJT049ZjZmZjE1MjlmZA==,RkxVVFRFUl9FTkdJTkVfUkVWSVNJT049MTUyN2FlMGVjNQ==,RkxVVFRFUl9EQVJUX1ZFUlNJT049My4xMC40 -dFlavor= -dAndroidArchs=android-arm android-arm64 android-x64 -dMinSdkVersion=24 android_aot_bundle_release_android-arm android_aot_bundle_release_android-arm64 android_aot_bundle_release_android-x64
[        ] Successfully started process 'command 'C:\flutter_windows_3.29.2-stable\flutter\bin\flutter.bat''
[ +994 ms] [ +267 ms] Artifact Instance of 'MaterialFonts' is not required, skipping update.
[        ] [   +2 ms] Artifact Instance of 'GradleWrapper' is not required, skipping update.
[   +2 ms] [        ] Artifact Instance of 'AndroidGenSnapshotArtifacts' is not required, skipping update.
[        ] [        ] Artifact Instance of 'AndroidInternalBuildArtifacts' is not required, skipping update.
[        ] [        ] Artifact Instance of 'IOSEngineArtifacts' is not required, skipping update.
[        ] [        ] Artifact Instance of 'FlutterWebSdk' is not required, skipping update.
[        ] [   +2 ms] Artifact Instance of 'LegacyCanvasKitRemover' is not required, skipping update.
[        ] [        ] Artifact Instance of 'FlutterSdk' is not required, skipping update.
[        ] [        ] Artifact Instance of 'WindowsEngineArtifacts' is not required, skipping update.
[        ] [        ] Artifact Instance of 'MacOSEngineArtifacts' is not required, skipping update.
[        ] [        ] Artifact Instance of 'LinuxEngineArtifacts' is not required, skipping update.
[        ] [        ] Artifact Instance of 'LinuxFuchsiaSDKArtifacts' is not required, skipping update.
[        ] [        ] Artifact Instance of 'MacOSFuchsiaSDKArtifacts' is not required, skipping update.
[        ] [        ] Artifact Instance of 'FlutterRunnerSDKArtifacts' is not required, skipping update.
[        ] [        ] Artifact Instance of 'FlutterRunnerDebugSymbols' is not required, skipping update.
[        ] [        ] Artifact Instance of 'IosUsbArtifacts' is not required, skipping update.
[        ] [        ] Artifact Instance of 'IosUsbArtifacts' is not required, skipping update.
[        ] [        ] Artifact Instance of 'IosUsbArtifacts' is not required, skipping update.
[        ] [        ] Artifact Instance of 'IosUsbArtifacts' is not required, skipping update.
[        ] [        ] Artifact Instance of 'IosUsbArtifacts' is not required, skipping update.
[        ] [        ] Artifact Instance of 'IosUsbArtifacts' is not required, skipping update.
[        ] [        ] Artifact Instance of 'FontSubsetArtifacts' is not required, skipping update.
[        ] [        ] Artifact Instance of 'PubDependencies' is not required, skipping update.
[        ] [  +22 ms] Artifact Instance of 'AndroidGenSnapshotArtifacts' is not required, skipping update.
[        ] [        ] Artifact Instance of 'AndroidInternalBuildArtifacts' is not required, skipping update.
[        ] [        ] Artifact Instance of 'IOSEngineArtifacts' is not required, skipping update.
[        ] [        ] Artifact Instance of 'FlutterWebSdk' is not required, skipping update.
[   +1 ms] [        ] Artifact Instance of 'FlutterEngineStamp' is not required, skipping update.
[   +1 ms] [        ] Artifact Instance of 'LegacyCanvasKitRemover' is not required, skipping update.
[   +3 ms] [   +5 ms] Artifact Instance of 'WindowsEngineArtifacts' is not required, skipping update.
[   +2 ms] [        ] Artifact Instance of 'MacOSEngineArtifacts' is not required, skipping update.
[   +1 ms] [        ] Artifact Instance of 'LinuxEngineArtifacts' is not required, skipping update.
[        ] [        ] Artifact Instance of 'LinuxFuchsiaSDKArtifacts' is not required, skipping update.
[        ] [        ] Artifact Instance of 'MacOSFuchsiaSDKArtifacts' is not required, skipping update.
[        ] [        ] Artifact Instance of 'FlutterRunnerSDKArtifacts' is not required, skipping update.
[        ] [        ] Artifact Instance of 'FlutterRunnerDebugSymbols' is not required, skipping update.
[ +179 ms] [ +172 ms] Artifact Instance of 'MaterialFonts' is not required, skipping update.
[   +3 ms] [        ] Artifact Instance of 'GradleWrapper' is not required, skipping update.
[        ] [   +7 ms] Artifact Instance of 'AndroidInternalBuildArtifacts' is not required, skipping update.
[   +1 ms] [        ] Artifact Instance of 'IOSEngineArtifacts' is not required, skipping update.
[        ] [        ] Artifact Instance of 'FlutterWebSdk' is not required, skipping update.
[        ] [        ] Artifact Instance of 'FlutterEngineStamp' is not required, skipping update.
[        ] [        ] Artifact Instance of 'LegacyCanvasKitRemover' is not required, skipping update.
[        ] [        ] Artifact Instance of 'FlutterSdk' is not required, skipping update.
[        ] [        ] Artifact Instance of 'WindowsEngineArtifacts' is not required, skipping update.
[        ] [        ] Artifact Instance of 'MacOSEngineArtifacts' is not required, skipping update.
[        ] [        ] Artifact Instance of 'LinuxEngineArtifacts' is not required, skipping update.
[        ] [        ] Artifact Instance of 'LinuxFuchsiaSDKArtifacts' is not required, skipping update.
[        ] [        ] Artifact Instance of 'MacOSFuchsiaSDKArtifacts' is not required, skipping update.
[        ] [        ] Artifact Instance of 'FlutterRunnerSDKArtifacts' is not required, skipping update.
[        ] [        ] Artifact Instance of 'FlutterRunnerDebugSymbols' is not required, skipping update.
[        ] [        ] Artifact Instance of 'IosUsbArtifacts' is not required, skipping update.
[        ] [        ] Artifact Instance of 'IosUsbArtifacts' is not required, skipping update.
[        ] [        ] Artifact Instance of 'IosUsbArtifacts' is not required, skipping update.
[        ] [        ] Artifact Instance of 'IosUsbArtifacts' is not required, skipping update.
[        ] [        ] Artifact Instance of 'IosUsbArtifacts' is not required, skipping update.
[        ] [        ] Artifact Instance of 'IosUsbArtifacts' is not required, skipping update.
[        ] [        ] Artifact Instance of 'FontSubsetArtifacts' is not required, skipping update.
[        ] [        ] Artifact Instance of 'PubDependencies' is not required, skipping update.
[  +77 ms] [ +124 ms] Initializing file store
[        ] [  +29 ms] Done initializing file store
[ +294 ms] [ +284 ms] Skipping target: gen_dart_plugin_registrant
[        ] [   +5 ms] Skipping target: dart_build
[        ] [        ] Skipping target: gen_localizations
[        ] [   +3 ms] Skipping target: install_code_assets
[+1905 ms] [+1869 ms] kernel_snapshot_program: Starting due to {InvalidatedReasonKind.outputSetAddition: The following outputs were added to the output set: C:\Users\Jbuje\Desktop\CAISSE AHMED\mobile\.dart_tool\flutter_build\8c7119ceee27c488c6e491fb76eb5ec8\app.dill, InvalidatedReasonKind.inputChanged: The following inputs have updated contents: C:\Users\Jbuje\AppData\Local\Pub\Cache\hosted\pub.dev\intl-0.19.0\lib\intl.dart,C:\Users\Jbuje\AppData\Local\Pub\Cache\hosted\pub.dev\intl-0.19.0\lib\src\global_state.dart,C:\Users\Jbuje\AppData\Local\Pub\Cache\hosted\pub.dev\intl-0.19.0\lib\src\intl\date_format.dart,C:\Users\Jbuje\AppData\Local\Pub\Cache\hosted\pub.dev\intl-0.19.0\lib\src\intl_helpers.dart,C:\Users\Jbuje\AppData\Local\Pub\Cache\hosted\pub.dev\intl-0.19.0\lib\src\plural_rules.dart,C:\Users\Jbuje\AppData\Local\Pub\Cache\hosted\pub.dev\intl-0.19.0\lib\src\intl\bidi.dart,C:\Users\Jbuje\AppData\Local\Pub\Cache\hosted\pub.dev\intl-0.19.0\lib\src\intl\bidi_formatter.dart,C:\Users\Jbuje\AppData\Local\Pub\Cache\hosted\pub.dev\intl-0.19.0\lib\src\intl\micro_money.dart,C:\Users\Jbuje\AppData\Local\Pub\Cache\hosted\pub.dev\intl-0.19.0\lib\src\intl\number_format.dart,C:\Users\Jbuje\AppData\Local\Pub\Cache\hosted\pub.dev\intl-0.19.0\lib\src\intl\number_parser_base.dart,C:\Users\Jbuje\AppData\Local\Pub\Cache\hosted\pub.dev\intl-0.19.0\lib\src\intl\text_direction.dart,C:\Users\Jbuje\AppData\Local\Pub\Cache\hosted\pub.dev\intl-0.19.0\lib\date_symbols.dart,C:\Users\Jbuje\AppData\Local\Pub\Cache\hosted\pub.dev\intl-0.19.0\lib\src\date_format_internal.dart,C:\Users\Jbuje\AppData\Local\Pub\Cache\hosted\pub.dev\intl-0.19.0\lib\src\intl\constants.dart,C:\Users\Jbuje\AppData\Local\Pub\Cache\hosted\pub.dev\intl-0.19.0\lib\src\intl\date_builder.dart,C:\Users\Jbuje\AppData\Local\Pub\Cache\hosted\pub.dev\intl-0.19.0\lib\src\intl\date_computation.dart,C:\Users\Jbuje\AppData\Local\Pub\Cache\hosted\pub.dev\intl-0.19.0\lib\src\intl\regexp.dart,C:\Users\Jbuje\AppData\Local\Pub\Cache\hosted\pub.dev\intl-0.19.0\lib\src\intl\string_stack.dart,C:\Users\Jbuje\AppData\Local\Pub\Cache\hosted\pub.dev\intl-0.19.0\lib\src\intl\date_format_field.dart,C:\Users\Jbuje\AppData\Local\Pub\Cache\hosted\pub.dev\intl-0.19.0\lib\number_symbols.dart,C:\Users\Jbuje\AppData\Local\Pub\Cache\hosted\pub.dev\intl-0.19.0\lib\number_symbols_data.dart,C:\Users\Jbuje\AppData\Local\Pub\Cache\hosted\pub.dev\intl-0.19.0\lib\src\intl\number_format_parser.dart,C:\Users\Jbuje\AppData\Local\Pub\Cache\hosted\pub.dev\intl-0.19.0\lib\src\intl\number_parser.dart,C:\Users\Jbuje\AppData\Local\Pub\Cache\hosted\pub.dev\intl-0.19.0\lib\src\intl\compact_number_format.dart,C:\Users\Jbuje\AppData\Local\Pub\Cache\hosted\pub.dev\clock-1.1.2\lib\clock.dart,C:\Users\Jbuje\AppData\Local\Pub\Cache\hosted\pub.dev\clock-1.1.2\lib\src\default.dart,C:\Users\Jbuje\AppData\Local\Pub\Cache\hosted\pub.dev\clock-1.1.2\lib\src\clock.dart,C:\Users\Jbuje\AppData\Local\Pub\Cache\hosted\pub.dev\clock-1.1.2\lib\src\stopwatch.dart,C:\Users\Jbuje\AppData\Local\Pub\Cache\hosted\pub.dev\clock-1.1.2\lib\src\utils.dart}
[   +1 ms] [  +28 ms] C:\flutter_windows_3.29.2-stable\flutter\bin\cache\dart-sdk\bin\dartaotruntime.exe C:\flutter_windows_3.29.2-stable\flutter\bin\cache\dart-sdk\bin\snapshots\frontend_server_aot.dart.snapshot --sdk-root C:\flutter_windows_3.29.2-stable\flutter\bin\cache\artifacts\engine\common\flutter_patched_sdk_product/ --target=flutter --no-print-incremental-dependencies -DFLUTTER_VERSION=3.38.5 -DFLUTTER_CHANNEL=stable -DFLUTTER_GIT_URL=https://github.com/flutter/flutter.git -DFLUTTER_FRAMEWORK_REVISION=f6ff1529fd -DFLUTTER_ENGINE_REVISION=1527ae0ec5 -DFLUTTER_DART_VERSION=3.10.4 -DFLUTTER_APP_FLAVOR= -Ddart.vm.profile=false -Ddart.vm.product=true --delete-tostring-package-uri=dart:ui --delete-tostring-package-uri=package:flutter --aot --tfa --target-os android --packages C:\Users\Jbuje\Desktop\CAISSE AHMED\mobile\.dart_tool\package_config.json --output-dill C:\Users\Jbuje\Desktop\CAISSE AHMED\mobile\.dart_tool\flutter_build\8c7119ceee27c488c6e491fb76eb5ec8\app.dill --depfile C:\Users\Jbuje\Desktop\CAISSE AHMED\mobile\.dart_tool\flutter_build\8c7119ceee27c488c6e491fb76eb5ec8\kernel_snapshot_program.d --source file:///C:/Users/Jbuje/Desktop/CAISSE%20AHMED/mobile/.dart_tool/flutter_build/dart_plugin_registrant.dart --source package:flutter/src/dart_plugin_registrant.dart -Dflutter.dart_plugin_registrant=file:///C:/Users/Jbuje/Desktop/CAISSE%20AHMED/mobile/.dart_tool/flutter_build/dart_plugin_registrant.dart --verbosity=error package:mobile/main.dart
[+6400 ms] [+6355 ms] lib/main.dart:47:20: Error: The argument type 'CardTheme' can't be assigned to the parameter type 'CardThemeData?'.
[   +3 ms] [   +2 ms]  - 'CardTheme' is from 'package:flutter/src/material/card_theme.dart' ('/C:/flutter_windows_3.29.2-stable/flutter/packages/flutter/lib/src/material/card_theme.dart').
[        ] [        ]  - 'CardThemeData' is from 'package:flutter/src/material/card_theme.dart' ('/C:/flutter_windows_3.29.2-stable/flutter/packages/flutter/lib/src/material/card_theme.dart').
[        ] [        ]         cardTheme: CardTheme(
[        ] [        ]                    ^
[+10600 ms] [+10602 ms] Persisting file store
[   +1 ms] [   +6 ms] Target kernel_snapshot_program failed: Exception
[        ] [  +35 ms] Done persisting file store
[   +1 ms]            #0      KernelSnapshot.build (package:flutter_tools/src/build_system/targets/common.dart:289:7)
[        ]            <asynchronous suspension>
[        ]            #1      _BuildInstance._invokeInternal (package:flutter_tools/src/build_system/build_system.dart:895:9)
[        ]            <asynchronous suspension>
[        ]            #2      Future.wait.<anonymous closure> (dart:async/future.dart:546:21)
[        ]            <asynchronous suspension>
[        ]            #3      _BuildInstance.invokeTarget (package:flutter_tools/src/build_system/build_system.dart:833:32)
[        ]            <asynchronous suspension>
[   +1 ms]            #4      Future.wait.<anonymous closure> (dart:async/future.dart:546:21)
[        ]            <asynchronous suspension>
[        ]            #5      _BuildInstance.invokeTarget (package:flutter_tools/src/build_system/build_system.dart:833:32)
[        ]            <asynchronous suspension>
[        ]            #6      Future.wait.<anonymous closure> (dart:async/future.dart:546:21)
[        ]            <asynchronous suspension>
[        ]            #7      _BuildInstance.invokeTarget (package:flutter_tools/src/build_system/build_system.dart:833:32)
[        ]            <asynchronous suspension>
[   +1 ms]            #8      FlutterBuildSystem.build (package:flutter_tools/src/build_system/build_system.dart:653:16)
[        ]            <asynchronous suspension>
[        ]            #9      AssembleCommand.runCommand (package:flutter_tools/src/commands/assemble.dart:361:32)
[        ]            <asynchronous suspension>
[        ]            #10     FlutterCommand.run.<anonymous closure> (package:flutter_tools/src/runner/flutter_command.dart:1559:27)
[        ]            <asynchronous suspension>
[        ]            #11     AppContext.run.<anonymous closure> (package:flutter_tools/src/base/context.dart:154:19)
[        ] [   +5 ms] "flutter assemble" took 19,560ms.
[        ]            <asynchronous suspension>
[        ]            #12     CommandRunner.runCommand (package:args/command_runner.dart:212:13)
[        ]            <asynchronous suspension>
[        ]            #13     FlutterCommandRunner.runCommand.<anonymous closure> (package:flutter_tools/src/runner/flutter_command_runner.dart:487:9)
[        ]            <asynchronous suspension>
[        ]            #14     AppContext.run.<anonymous closure> (package:flutter_tools/src/base/context.dart:154:19)
[        ]            <asynchronous suspension>
[        ]            #15     FlutterCommandRunner.runCommand (package:flutter_tools/src/runner/flutter_command_runner.dart:422:5)
[        ]            <asynchronous suspension>
[        ]            #16     run.<anonymous closure>.<anonymous closure> (package:flutter_tools/runner.dart:104:11)
[        ]            <asynchronous suspension>
[        ]            #17     AppContext.run.<anonymous closure> (package:flutter_tools/src/base/context.dart:154:19)
[        ]            <asynchronous suspension>
[        ]            #18     main (package:flutter_tools/executable.dart:103:3)
[        ]            <asynchronous suspension>
[ +273 ms] [ +264 ms] 
[   +2 ms]            #0      throwToolExit (package:flutter_tools/src/base/common.dart:34:3)
[        ]            #1      AssembleCommand.runCommand (package:flutter_tools/src/commands/assemble.dart:379:7)
[        ]            <asynchronous suspension>
[        ]            #2      FlutterCommand.run.<anonymous closure> (package:flutter_tools/src/runner/flutter_command.dart:1559:27)
[        ]            <asynchronous suspension>
[        ]            #3      AppContext.run.<anonymous closure> (package:flutter_tools/src/base/context.dart:154:19)
[        ]            <asynchronous suspension>
[        ]            #4      CommandRunner.runCommand (package:args/command_runner.dart:212:13)
[        ]            <asynchronous suspension>
[        ]            #5      FlutterCommandRunner.runCommand.<anonymous closure> (package:flutter_tools/src/runner/flutter_command_runner.dart:487:9)
[        ]            <asynchronous suspension>
[        ]            #6      AppContext.run.<anonymous closure> (package:flutter_tools/src/base/context.dart:154:19)
[        ] [   +2 ms] Running 1 shutdown hook
[        ] [   +2 ms] Shutdown hooks complete
[        ]            <asynchronous suspension>
[        ]            #7      FlutterCommandRunner.runCommand (package:flutter_tools/src/runner/flutter_command_runner.dart:422:5)
[        ]            <asynchronous suspension>
[        ]            #8      run.<anonymous closure>.<anonymous closure> (package:flutter_tools/runner.dart:104:11)
[        ]            <asynchronous suspension>
[        ]            #9      AppContext.run.<anonymous closure> (package:flutter_tools/src/base/context.dart:154:19)
[        ]            <asynchronous suspension>
[        ]            #10     main (package:flutter_tools/executable.dart:103:3)
[        ]            <asynchronous suspension>
[ +298 ms] [ +267 ms] exiting with code 1
[  +93 ms] > Task :app:compileFlutterBuildRelease FAILED
[+3201 ms] Build 69856f49-40d1-4095-96cf-a162eea20c46 is closed
[        ] [Incubating] Problems report is available at: file:///C:/Users/Jbuje/Desktop/CAISSE%20AHMED/mobile/build/reports/problems/problems-report.html
[        ] FAILURE: Build failed with an exception.
[        ] * What went wrong:
[        ] Execution failed for task ':app:compileFlutterBuildRelease'.
[        ] > Process 'command 'C:\flutter_windows_3.29.2-stable\flutter\bin\flutter.bat'' finished with non-zero exit value 1
[        ] * Try:
[        ] > Run with --debug option to get more log output.
[        ] > Run with --scan to get full insights.
[   +6 ms] > Get more help at https://help.gradle.org.
[        ] * Exception is:
[        ] org.gradle.api.tasks.TaskExecutionException: Execution failed for task ':app:compileFlutterBuildRelease'.
[        ] 	at org.gradle.api.internal.tasks.execution.ExecuteActionsTaskExecuter.lambda$executeIfValid$1(ExecuteActionsTaskExecuter.java:130)
[        ] 	at org.gradle.internal.Try$Failure.ifSuccessfulOrElse(Try.java:293)
[        ] 	at org.gradle.api.internal.tasks.execution.ExecuteActionsTaskExecuter.executeIfValid(ExecuteActionsTaskExecuter.java:128)
[        ] 	at org.gradle.api.internal.tasks.execution.ExecuteActionsTaskExecuter.execute(ExecuteActionsTaskExecuter.java:116)
[        ] 	at org.gradle.api.internal.tasks.execution.ProblemsTaskPathTrackingTaskExecuter.execute(ProblemsTaskPathTrackingTaskExecuter.java:41)
[        ] 	at org.gradle.api.internal.tasks.execution.FinalizePropertiesTaskExecuter.execute(FinalizePropertiesTaskExecuter.java:46)
[        ] 	at org.gradle.api.internal.tasks.execution.ResolveTaskExecutionModeExecuter.execute(ResolveTaskExecutionModeExecuter.java:51)
[   +1 ms] 	at org.gradle.api.internal.tasks.execution.SkipTaskWithNoActionsExecuter.execute(SkipTaskWithNoActionsExecuter.java:57)
[        ] 	at org.gradle.api.internal.tasks.execution.SkipOnlyIfTaskExecuter.execute(SkipOnlyIfTaskExecuter.java:74)
[        ] 	at org.gradle.api.internal.tasks.execution.CatchExceptionTaskExecuter.execute(CatchExceptionTaskExecuter.java:36)
[        ] 	at org.gradle.api.internal.tasks.execution.EventFiringTaskExecuter$1.executeTask(EventFiringTaskExecuter.java:77)
[        ] 	at org.gradle.api.internal.tasks.execution.EventFiringTaskExecuter$1.call(EventFiringTaskExecuter.java:55)
[   +3 ms] 	at org.gradle.api.internal.tasks.execution.EventFiringTaskExecuter$1.call(EventFiringTaskExecuter.java:52)
[        ] 	at org.gradle.internal.operations.DefaultBuildOperationRunner$CallableBuildOperationWorker.execute(DefaultBuildOperationRunner.java:210)
[        ] 	at org.gradle.internal.operations.DefaultBuildOperationRunner$CallableBuildOperationWorker.execute(DefaultBuildOperationRunner.java:205)
[        ] 	at org.gradle.internal.operations.DefaultBuildOperationRunner$2.execute(DefaultBuildOperationRunner.java:67)
[        ] 	at org.gradle.internal.operations.DefaultBuildOperationRunner$2.execute(DefaultBuildOperationRunner.java:60)
[   +1 ms] 	at org.gradle.internal.operations.DefaultBuildOperationRunner.execute(DefaultBuildOperationRunner.java:167)
[        ] 	at org.gradle.internal.operations.DefaultBuildOperationRunner.execute(DefaultBuildOperationRunner.java:60)
[        ] 	at org.gradle.internal.operations.DefaultBuildOperationRunner.call(DefaultBuildOperationRunner.java:54)
[        ] 	at org.gradle.api.internal.tasks.execution.EventFiringTaskExecuter.execute(EventFiringTaskExecuter.java:52)
[        ] 	at org.gradle.execution.plan.LocalTaskNodeExecutor.execute(LocalTaskNodeExecutor.java:42)
[        ] 	at org.gradle.execution.taskgraph.DefaultTaskExecutionGraph$InvokeNodeExecutorsAction.execute(DefaultTaskExecutionGraph.java:331)
[        ] 	at org.gradle.execution.taskgraph.DefaultTaskExecutionGraph$InvokeNodeExecutorsAction.execute(DefaultTaskExecutionGraph.java:318)
[        ] 	at org.gradle.execution.taskgraph.DefaultTaskExecutionGraph$BuildOperationAwareExecutionAction.lambda$execute$0(DefaultTaskExecutionGraph.java:314)
[        ] 	at org.gradle.internal.operations.CurrentBuildOperationRef.with(CurrentBuildOperationRef.java:85)
[        ] 	at org.gradle.execution.taskgraph.DefaultTaskExecutionGraph$BuildOperationAwareExecutionAction.execute(DefaultTaskExecutionGraph.java:314)
[        ] 	at org.gradle.execution.taskgraph.DefaultTaskExecutionGraph$BuildOperationAwareExecutionAction.execute(DefaultTaskExecutionGraph.java:303)
[        ] 	at org.gradle.execution.plan.DefaultPlanExecutor$ExecutorWorker.execute(DefaultPlanExecutor.java:459)
[        ] 	at org.gradle.execution.plan.DefaultPlanExecutor$ExecutorWorker.run(DefaultPlanExecutor.java:376)
[        ] 	at org.gradle.internal.concurrent.ExecutorPolicy$CatchAndRecordFailures.onExecute(ExecutorPolicy.java:64)
[        ] 	at org.gradle.internal.concurrent.AbstractManagedExecutor$1.run(AbstractManagedExecutor.java:48)
[        ] 	at java.base/java.util.concurrent.ThreadPoolExecutor.runWorker(ThreadPoolExecutor.java:1136)
[        ] 	at java.base/java.util.concurrent.ThreadPoolExecutor$Worker.run(ThreadPoolExecutor.java:635)
[        ] 	at java.base/java.lang.Thread.run(Thread.java:840)
[        ] Caused by: org.gradle.process.internal.ExecException: Process 'command 'C:\flutter_windows_3.29.2-stable\flutter\bin\flutter.bat'' finished with non-zero exit value 1
[        ] 	at org.gradle.process.internal.DefaultExecHandle$ExecResultImpl.assertNormalExitValue(DefaultExecHandle.java:442)
[   +2 ms] 	at org.gradle.process.internal.DefaultExecAction.execute(DefaultExecAction.java:49)
[        ] 	at org.gradle.process.internal.DefaultExecActionFactory.exec(DefaultExecActionFactory.java:216)
[        ] 	at org.gradle.process.internal.DefaultExecOperations.exec(DefaultExecOperations.java:37)
[        ] 	at com.flutter.gradle.tasks.BaseFlutterTaskHelper.buildBundle(BaseFlutterTaskHelper.kt:159)
[        ] 	at com.flutter.gradle.tasks.BaseFlutterTask.buildBundle(BaseFlutterTask.kt:143)
[        ] 	at com.flutter.gradle.tasks.FlutterTaskHelper.build$gradle(FlutterTaskHelper.kt:90)
[        ] 	at com.flutter.gradle.tasks.FlutterTask.build(FlutterTask.kt:51)
[        ] 	at java.base/jdk.internal.reflect.NativeMethodAccessorImpl.invoke0(Native Method)
[        ] 	at java.base/jdk.internal.reflect.NativeMethodAccessorImpl.invoke(NativeMethodAccessorImpl.java:77)
[        ] 	at java.base/jdk.internal.reflect.DelegatingMethodAccessorImpl.invoke(DelegatingMethodAccessorImpl.java:43)
[        ] 	at java.base/java.lang.reflect.Method.invoke(Method.java:569)
[        ] 	at org.gradle.internal.reflect.JavaMethod.invoke(JavaMethod.java:125)
[        ] 	at org.gradle.api.internal.project.taskfactory.StandardTaskAction.doExecute(StandardTaskAction.java:58)
[        ] 	at org.gradle.api.internal.project.taskfactory.StandardTaskAction.execute(StandardTaskAction.java:51)
[        ] 	at org.gradle.api.internal.project.taskfactory.StandardTaskAction.execute(StandardTaskAction.java:29)
[        ] 	at org.gradle.api.internal.tasks.execution.TaskExecution$3.run(TaskExecution.java:244)
[        ] 	at org.gradle.internal.operations.DefaultBuildOperationRunner$1.execute(DefaultBuildOperationRunner.java:30)
[        ] 	at org.gradle.internal.operations.DefaultBuildOperationRunner$1.execute(DefaultBuildOperationRunner.java:27)
[   +1 ms] 	at org.gradle.internal.operations.DefaultBuildOperationRunner$2.execute(DefaultBuildOperationRunner.java:67)
[   +1 ms] 	at org.gradle.internal.operations.DefaultBuildOperationRunner$2.execute(DefaultBuildOperationRunner.java:60)
[        ] 	at org.gradle.internal.operations.DefaultBuildOperationRunner.execute(DefaultBuildOperationRunner.java:167)
[        ] 	at org.gradle.internal.operations.DefaultBuildOperationRunner.execute(DefaultBuildOperationRunner.java:60)
[        ] 	at org.gradle.internal.operations.DefaultBuildOperationRunner.run(DefaultBuildOperationRunner.java:48)
[        ] 	at org.gradle.api.internal.tasks.execution.TaskExecution.executeAction(TaskExecution.java:229)
[        ] 	at org.gradle.api.internal.tasks.execution.TaskExecution.executeActions(TaskExecution.java:212)
[        ] 	at org.gradle.api.internal.tasks.execution.TaskExecution.executeWithPreviousOutputFiles(TaskExecution.java:195)
[        ] 	at org.gradle.api.internal.tasks.execution.TaskExecution.execute(TaskExecution.java:162)
[        ] 	at org.gradle.internal.execution.steps.ExecuteStep.executeInternal(ExecuteStep.java:105)
[        ] 	at org.gradle.internal.execution.steps.ExecuteStep.access$000(ExecuteStep.java:44)
[        ] 	at org.gradle.internal.execution.steps.ExecuteStep$1.call(ExecuteStep.java:59)
[        ] 	at org.gradle.internal.execution.steps.ExecuteStep$1.call(ExecuteStep.java:56)
[        ] 	at org.gradle.internal.operations.DefaultBuildOperationRunner$CallableBuildOperationWorker.execute(DefaultBuildOperationRunner.java:210)
[        ] 	at org.gradle.internal.operations.DefaultBuildOperationRunner$CallableBuildOperationWorker.execute(DefaultBuildOperationRunner.java:205)
[        ] 	at org.gradle.internal.operations.DefaultBuildOperationRunner$2.execute(DefaultBuildOperationRunner.java:67)
[        ] 	at org.gradle.internal.operations.DefaultBuildOperationRunner$2.execute(DefaultBuildOperationRunner.java:60)
[        ] 	at org.gradle.internal.operations.DefaultBuildOperationRunner.execute(DefaultBuildOperationRunner.java:167)
[        ] 	at org.gradle.internal.operations.DefaultBuildOperationRunner.execute(DefaultBuildOperationRunner.java:60)
[   +3 ms] 	at org.gradle.internal.operations.DefaultBuildOperationRunner.call(DefaultBuildOperationRunner.java:54)
[        ] 	at org.gradle.internal.execution.steps.ExecuteStep.execute(ExecuteStep.java:56)
[        ] 	at org.gradle.internal.execution.steps.ExecuteStep.execute(ExecuteStep.java:44)
[        ] 	at org.gradle.internal.execution.steps.CancelExecutionStep.execute(CancelExecutionStep.java:42)
[        ] 	at org.gradle.internal.execution.steps.TimeoutStep.executeWithoutTimeout(TimeoutStep.java:75)
[        ] 	at org.gradle.internal.execution.steps.TimeoutStep.execute(TimeoutStep.java:55)
[        ] 	at org.gradle.internal.execution.steps.PreCreateOutputParentsStep.execute(PreCreateOutputParentsStep.java:50)
[        ] 	at org.gradle.internal.execution.steps.PreCreateOutputParentsStep.execute(PreCreateOutputParentsStep.java:28)
[        ] 	at org.gradle.internal.execution.steps.RemovePreviousOutputsStep.execute(RemovePreviousOutputsStep.java:67)
[        ] 	at org.gradle.internal.execution.steps.RemovePreviousOutputsStep.execute(RemovePreviousOutputsStep.java:37)
[        ] 	at org.gradle.internal.execution.steps.BroadcastChangingOutputsStep.execute(BroadcastChangingOutputsStep.java:61)
[        ] 	at org.gradle.internal.execution.steps.BroadcastChangingOutputsStep.execute(BroadcastChangingOutputsStep.java:26)
[        ] 	at org.gradle.internal.execution.steps.CaptureOutputsAfterExecutionStep.execute(CaptureOutputsAfterExecutionStep.java:69)
[   +2 ms] 	at org.gradle.internal.execution.steps.CaptureOutputsAfterExecutionStep.execute(CaptureOutputsAfterExecutionStep.java:46)
[   +3 ms] 	at org.gradle.internal.execution.steps.ResolveInputChangesStep.execute(ResolveInputChangesStep.java:40)
[   +1 ms] 	at org.gradle.internal.execution.steps.ResolveInputChangesStep.execute(ResolveInputChangesStep.java:29)
[        ] 	at org.gradle.internal.execution.steps.BuildCacheStep.executeWithoutCache(BuildCacheStep.java:189)
[        ] 	at org.gradle.internal.execution.steps.BuildCacheStep.lambda$execute$1(BuildCacheStep.java:75)
[        ] 	at org.gradle.internal.Either$Right.fold(Either.java:175)
[        ] 	at org.gradle.internal.execution.caching.CachingState.fold(CachingState.java:62)
[   +1 ms] 	at org.gradle.internal.execution.steps.BuildCacheStep.execute(BuildCacheStep.java:73)
[   +1 ms] 	at org.gradle.internal.execution.steps.BuildCacheStep.execute(BuildCacheStep.java:48)
[        ] 	at org.gradle.internal.execution.steps.StoreExecutionStateStep.execute(StoreExecutionStateStep.java:46)
[        ] 	at org.gradle.internal.execution.steps.StoreExecutionStateStep.execute(StoreExecutionStateStep.java:35)
[        ] 	at org.gradle.internal.execution.steps.SkipUpToDateStep.executeBecause(SkipUpToDateStep.java:75)
[        ] 	at org.gradle.internal.execution.steps.SkipUpToDateStep.lambda$execute$2(SkipUpToDateStep.java:53)
[        ] 	at java.base/java.util.Optional.orElseGet(Optional.java:364)
[        ] 	at org.gradle.internal.execution.steps.SkipUpToDateStep.execute(SkipUpToDateStep.java:53)
[        ] 	at org.gradle.internal.execution.steps.SkipUpToDateStep.execute(SkipUpToDateStep.java:35)
[        ] 	at org.gradle.internal.execution.steps.legacy.MarkSnapshottingInputsFinishedStep.execute(MarkSnapshottingInputsFinishedStep.java:37)
[        ] 	at org.gradle.internal.execution.steps.legacy.MarkSnapshottingInputsFinishedStep.execute(MarkSnapshottingInputsFinishedStep.java:27)
[        ] 	at org.gradle.internal.execution.steps.ResolveIncrementalCachingStateStep.executeDelegate(ResolveIncrementalCachingStateStep.java:49)
[        ] 	at org.gradle.internal.execution.steps.ResolveIncrementalCachingStateStep.executeDelegate(ResolveIncrementalCachingStateStep.java:27)
[        ] 	at org.gradle.internal.execution.steps.AbstractResolveCachingStateStep.execute(AbstractResolveCachingStateStep.java:71)
[        ] 	at org.gradle.internal.execution.steps.AbstractResolveCachingStateStep.execute(AbstractResolveCachingStateStep.java:39)
[        ] 	at org.gradle.internal.execution.steps.ResolveChangesStep.execute(ResolveChangesStep.java:65)
[        ] 	at org.gradle.internal.execution.steps.ResolveChangesStep.execute(ResolveChangesStep.java:36)
[        ] 	at org.gradle.internal.execution.steps.ValidateStep.execute(ValidateStep.java:107)
[        ] 	at org.gradle.internal.execution.steps.ValidateStep.execute(ValidateStep.java:56)
[        ] 	at org.gradle.internal.execution.steps.AbstractCaptureStateBeforeExecutionStep.execute(AbstractCaptureStateBeforeExecutionStep.java:64)
[        ] 	at org.gradle.internal.execution.steps.AbstractCaptureStateBeforeExecutionStep.execute(AbstractCaptureStateBeforeExecutionStep.java:43)
[        ] 	at org.gradle.internal.execution.steps.AbstractSkipEmptyWorkStep.executeWithNonEmptySources(AbstractSkipEmptyWorkStep.java:125)
[        ] 	at org.gradle.internal.execution.steps.AbstractSkipEmptyWorkStep.execute(AbstractSkipEmptyWorkStep.java:56)
[        ] 	at org.gradle.internal.execution.steps.AbstractSkipEmptyWorkStep.execute(AbstractSkipEmptyWorkStep.java:36)
[        ] 	at org.gradle.internal.execution.steps.legacy.MarkSnapshottingInputsStartedStep.execute(MarkSnapshottingInputsStartedStep.java:38)
[        ] 	at org.gradle.internal.execution.steps.LoadPreviousExecutionStateStep.execute(LoadPreviousExecutionStateStep.java:36)
[        ] 	at org.gradle.internal.execution.steps.LoadPreviousExecutionStateStep.execute(LoadPreviousExecutionStateStep.java:23)
[   +4 ms] 	at org.gradle.internal.execution.steps.HandleStaleOutputsStep.execute(HandleStaleOutputsStep.java:75)
[        ] 	at org.gradle.internal.execution.steps.HandleStaleOutputsStep.execute(HandleStaleOutputsStep.java:41)
[        ] 	at org.gradle.internal.execution.steps.AssignMutableWorkspaceStep.lambda$execute$0(AssignMutableWorkspaceStep.java:35)
[        ] 	at org.gradle.api.internal.tasks.execution.TaskExecution$4.withWorkspace(TaskExecution.java:289)
[        ] 	at org.gradle.internal.execution.steps.AssignMutableWorkspaceStep.execute(AssignMutableWorkspaceStep.java:31)
[        ] 	at org.gradle.internal.execution.steps.AssignMutableWorkspaceStep.execute(AssignMutableWorkspaceStep.java:22)
[        ] 	at org.gradle.internal.execution.steps.ChoosePipelineStep.execute(ChoosePipelineStep.java:40)
[        ] 	at org.gradle.internal.execution.steps.ChoosePipelineStep.execute(ChoosePipelineStep.java:23)
[        ] 	at org.gradle.internal.execution.steps.ExecuteWorkBuildOperationFiringStep.lambda$execute$2(ExecuteWorkBuildOperationFiringStep.java:67)
[        ] 	at java.base/java.util.Optional.orElseGet(Optional.java:364)
[        ] 	at org.gradle.internal.execution.steps.ExecuteWorkBuildOperationFiringStep.execute(ExecuteWorkBuildOperationFiringStep.java:67)
[        ] 	at org.gradle.internal.execution.steps.ExecuteWorkBuildOperationFiringStep.execute(ExecuteWorkBuildOperationFiringStep.java:39)
[        ] 	at org.gradle.internal.execution.steps.IdentityCacheStep.execute(IdentityCacheStep.java:46)
[        ] 	at org.gradle.internal.execution.steps.IdentityCacheStep.execute(IdentityCacheStep.java:34)
[        ] 	at org.gradle.internal.execution.steps.IdentifyStep.execute(IdentifyStep.java:48)
[        ] 	at org.gradle.internal.execution.steps.IdentifyStep.execute(IdentifyStep.java:35)
[        ] 	at org.gradle.internal.execution.impl.DefaultExecutionEngine$1.execute(DefaultExecutionEngine.java:64)
[        ] 	at org.gradle.api.internal.tasks.execution.ExecuteActionsTaskExecuter.executeIfValid(ExecuteActionsTaskExecuter.java:127)
[        ] 	at org.gradle.api.internal.tasks.execution.ExecuteActionsTaskExecuter.execute(ExecuteActionsTaskExecuter.java:116)
[        ] 	at org.gradle.api.internal.tasks.execution.ProblemsTaskPathTrackingTaskExecuter.execute(ProblemsTaskPathTrackingTaskExecuter.java:41)
[        ] 	at org.gradle.api.internal.tasks.execution.FinalizePropertiesTaskExecuter.execute(FinalizePropertiesTaskExecuter.java:46)
[        ] 	at org.gradle.api.internal.tasks.execution.ResolveTaskExecutionModeExecuter.execute(ResolveTaskExecutionModeExecuter.java:51)
[        ] 	at org.gradle.api.internal.tasks.execution.SkipTaskWithNoActionsExecuter.execute(SkipTaskWithNoActionsExecuter.java:57)
[        ] 	at org.gradle.api.internal.tasks.execution.SkipOnlyIfTaskExecuter.execute(SkipOnlyIfTaskExecuter.java:74)
[        ] 	at org.gradle.api.internal.tasks.execution.CatchExceptionTaskExecuter.execute(CatchExceptionTaskExecuter.java:36)
[        ] 	at org.gradle.api.internal.tasks.execution.EventFiringTaskExecuter$1.executeTask(EventFiringTaskExecuter.java:77)
[        ] 	at org.gradle.api.internal.tasks.execution.EventFiringTaskExecuter$1.call(EventFiringTaskExecuter.java:55)
[        ] 	at org.gradle.api.internal.tasks.execution.EventFiringTaskExecuter$1.call(EventFiringTaskExecuter.java:52)
[        ] 	at org.gradle.internal.operations.DefaultBuildOperationRunner$CallableBuildOperationWorker.execute(DefaultBuildOperationRunner.java:210)
[        ] 	at org.gradle.internal.operations.DefaultBuildOperationRunner$CallableBuildOperationWorker.execute(DefaultBuildOperationRunner.java:205)
[        ] 	at org.gradle.internal.operations.DefaultBuildOperationRunner$2.execute(DefaultBuildOperationRunner.java:67)
[        ] 	at org.gradle.internal.operations.DefaultBuildOperationRunner$2.execute(DefaultBuildOperationRunner.java:60)
[        ] 	at org.gradle.internal.operations.DefaultBuildOperationRunner.execute(DefaultBuildOperationRunner.java:167)
[        ] 	at org.gradle.internal.operations.DefaultBuildOperationRunner.execute(DefaultBuildOperationRunner.java:60)
[        ] 	at org.gradle.internal.operations.DefaultBuildOperationRunner.call(DefaultBuildOperationRunner.java:54)
[        ] 	at org.gradle.api.internal.tasks.execution.EventFiringTaskExecuter.execute(EventFiringTaskExecuter.java:52)
[        ] 	at org.gradle.execution.plan.LocalTaskNodeExecutor.execute(LocalTaskNodeExecutor.java:42)
[        ] 	at org.gradle.execution.taskgraph.DefaultTaskExecutionGraph$InvokeNodeExecutorsAction.execute(DefaultTaskExecutionGraph.java:331)
[        ] 	at org.gradle.execution.taskgraph.DefaultTaskExecutionGraph$InvokeNodeExecutorsAction.execute(DefaultTaskExecutionGraph.java:318)
[        ] 	at org.gradle.execution.taskgraph.DefaultTaskExecutionGraph$BuildOperationAwareExecutionAction.lambda$execute$0(DefaultTaskExecutionGraph.java:314)
[        ] 	at org.gradle.internal.operations.CurrentBuildOperationRef.with(CurrentBuildOperationRef.java:85)
[        ] 	at org.gradle.execution.taskgraph.DefaultTaskExecutionGraph$BuildOperationAwareExecutionAction.execute(DefaultTaskExecutionGraph.java:314)
[        ] 	at org.gradle.execution.taskgraph.DefaultTaskExecutionGraph$BuildOperationAwareExecutionAction.execute(DefaultTaskExecutionGraph.java:303)
[        ] 	at org.gradle.execution.plan.DefaultPlanExecutor$ExecutorWorker.execute(DefaultPlanExecutor.java:459)
[        ] 	at org.gradle.execution.plan.DefaultPlanExecutor$ExecutorWorker.run(DefaultPlanExecutor.java:376)
[        ] 	at org.gradle.internal.concurrent.ExecutorPolicy$CatchAndRecordFailures.onExecute(ExecutorPolicy.java:64)
[        ] 	at org.gradle.internal.concurrent.AbstractManagedExecutor$1.run(AbstractManagedExecutor.java:48)
[        ] 	at java.base/java.util.concurrent.ThreadPoolExecutor.runWorker(ThreadPoolExecutor.java:1136)
[        ] 	at java.base/java.util.concurrent.ThreadPoolExecutor$Worker.run(ThreadPoolExecutor.java:635)
[        ] 	at java.base/java.lang.Thread.run(Thread.java:840)
[        ] BUILD FAILED in 42s
[        ] Deprecated Gradle features were used in this build, making it incompatible with Gradle 9.0.
[  +11 ms] You can use '--warning-mode all' to show the individual deprecation warnings and determine if they come from your own scripts or plugins.
[        ] For more on this, please refer to https://docs.gradle.org/8.14/userguide/command_line_interface.html#sec:command_line_warnings in the Gradle documentation.
[        ] 6 actionable tasks: 2 executed, 4 up-to-date
[ +102 ms] Watched directory hierarchies: [C:\flutter_windows_3.29.2-stable\flutter\packages\flutter_tools\gradle]
[ +421 ms] Running Gradle task 'assembleRelease'... (completed in 44.0s)
[ +136 ms] "flutter apk" took 46,857ms.
[ +282 ms] Gradle task assembleRelease failed with exit code 1
[        ] 
           #0      throwToolExit (package:flutter_tools/src/base/common.dart:34:3)
           #1      AndroidGradleBuilder.buildGradleApp (package:flutter_tools/src/android/gradle.dart:592:7)
           <asynchronous suspension>
           #2      AndroidGradleBuilder.buildApk (package:flutter_tools/src/android/gradle.dart:234:5)
           <asynchronous suspension>
           #3      BuildApkCommand.runCommand (package:flutter_tools/src/commands/build_apk.dart:131:5)
           <asynchronous suspension>
           #4      FlutterCommand.run.<anonymous closure> (package:flutter_tools/src/runner/flutter_command.dart:1559:27)
           <asynchronous suspension>
           #5      AppContext.run.<anonymous closure> (package:flutter_tools/src/base/context.dart:154:19)
           <asynchronous suspension>
           #6      CommandRunner.runCommand (package:args/command_runner.dart:212:13)
           <asynchronous suspension>
           #7      FlutterCommandRunner.runCommand.<anonymous closure> (package:flutter_tools/src/runner/flutter_command_runner.dart:487:9)
           <asynchronous suspension>
           #8      AppContext.run.<anonymous closure> (package:flutter_tools/src/base/context.dart:154:19)
           <asynchronous suspension>
           #9      FlutterCommandRunner.runCommand (package:flutter_tools/src/runner/flutter_command_runner.dart:422:5)
           <asynchronous suspension>
           #10     run.<anonymous closure>.<anonymous closure> (package:flutter_tools/runner.dart:104:11)
           <asynchronous suspension>
           #11     AppContext.run.<anonymous closure> (package:flutter_tools/src/base/context.dart:154:19)
           <asynchronous suspension>
           #12     main (package:flutter_tools/executable.dart:103:3)
           <asynchronous suspension>


[        ] Running 1 shutdown hook
[  +10 ms] Shutdown hooks complete
[ +276 ms] exiting with code 1
